# JRE version: OpenJDK Runtime Environment (8.0_242-b01) (build 1.8.0_242-release-1644-b01)
# Java VM: OpenJDK 64-Bit Server VM (25.242-b01 mixed mode windows-amd64 compressed oops)
Heap:
 PSYoungGen      total 254976K, used 31932K [0x00000000d5580000, 0x00000000e6f80000, 0x0000000100000000)
  eden space 231424K, 3% used [0x00000000d5580000,0x00000000d5db4838,0x00000000e3780000)
  from space 23552K, 99% used [0x00000000e4180000,0x00000000e587aa20,0x00000000e5880000)
  to   space 19968K, 0% used [0x00000000e5c00000,0x00000000e5c00000,0x00000000e6f80000)
 ParOldGen       total 101888K, used 36365K [0x0000000080000000, 0x0000000086380000, 0x00000000d5580000)
  object space 101888K, 35% used [0x0000000080000000,0x0000000082383628,0x0000000086380000)
 Metaspace       used 73123K, capacity 76276K, committed 76584K, reserved 1116160K
  class space    used 9570K, capacity 10173K, committed 10288K, reserved 1048576K
GC Heap History (10 events):
Event: 6.141 GC heap before
{Heap before GC invocations=12 (full 2):
 PSYoungGen      total 137216K, used 125952K [0x00000000d5580000, 0x00000000e2300000, 0x0000000100000000)
  eden space 125952K, 100% used [0x00000000d5580000,0x00000000dd080000,0x00000000dd080000)
  from space 11264K, 0% used [0x00000000dd080000,0x00000000dd080000,0x00000000ddb80000)
  to   space 12800K, 0% used [0x00000000e1680000,0x00000000e1680000,0x00000000e2300000)
 ParOldGen       total 68096K, used 18181K [0x0000000080000000, 0x0000000084280000, 0x00000000d5580000)
  object space 68096K, 26% used [0x0000000080000000,0x00000000811c1778,0x0000000084280000)
 Metaspace       used 44956K, capacity 46504K, committed 46760K, reserved 1089536K
  class space    used 6083K, capacity 6454K, committed 6576K, reserved 1048576K
Event: 6.157 GC heap after
Heap after GC invocations=12 (full 2):
 PSYoungGen      total 191488K, used 12792K [0x00000000d5580000, 0x00000000e2300000, 0x0000000100000000)
  eden space 178688K, 0% used [0x00000000d5580000,0x00000000d5580000,0x00000000e0400000)
  from space 12800K, 99% used [0x00000000e1680000,0x00000000e22fe280,0x00000000e2300000)
  to   space 15360K, 0% used [0x00000000e0500000,0x00000000e0500000,0x00000000e1400000)
 ParOldGen       total 68096K, used 20342K [0x0000000080000000, 0x0000000084280000, 0x00000000d5580000)
  object space 68096K, 29% used [0x0000000080000000,0x00000000813dd9b0,0x0000000084280000)
 Metaspace       used 44956K, capacity 46504K, committed 46760K, reserved 1089536K
  class space    used 6083K, capacity 6454K, committed 6576K, reserved 1048576K
}
Event: 7.622 GC heap before
{Heap before GC invocations=13 (full 2):
 PSYoungGen      total 191488K, used 153104K [0x00000000d5580000, 0x00000000e2300000, 0x0000000100000000)
  eden space 178688K, 78% used [0x00000000d5580000,0x00000000dde86168,0x00000000e0400000)
  from space 12800K, 99% used [0x00000000e1680000,0x00000000e22fe280,0x00000000e2300000)
  to   space 15360K, 0% used [0x00000000e0500000,0x00000000e0500000,0x00000000e1400000)
 ParOldGen       total 68096K, used 20342K [0x0000000080000000, 0x0000000084280000, 0x00000000d5580000)
  object space 68096K, 29% used [0x0000000080000000,0x00000000813dd9b0,0x0000000084280000)
 Metaspace       used 57046K, capacity 59052K, committed 59160K, reserved 1099776K
  class space    used 7819K, capacity 8285K, committed 8368K, reserved 1048576K
Event: 7.648 GC heap after
Heap after GC invocations=13 (full 2):
 PSYoungGen      total 195072K, used 15339K [0x00000000d5580000, 0x00000000e7000000, 0x0000000100000000)
  eden space 179712K, 0% used [0x00000000d5580000,0x00000000d5580000,0x00000000e0500000)
  from space 15360K, 99% used [0x00000000e0500000,0x00000000e13fac50,0x00000000e1400000)
  to   space 20480K, 0% used [0x00000000e5c00000,0x00000000e5c00000,0x00000000e7000000)
 ParOldGen       total 68096K, used 29295K [0x0000000080000000, 0x0000000084280000, 0x00000000d5580000)
  object space 68096K, 43% used [0x0000000080000000,0x0000000081c9bf60,0x0000000084280000)
 Metaspace       used 57046K, capacity 59052K, committed 59160K, reserved 1099776K
  class space    used 7819K, capacity 8285K, committed 8368K, reserved 1048576K
}
Event: 7.648 GC heap before
{Heap before GC invocations=14 (full 3):
 PSYoungGen      total 195072K, used 15339K [0x00000000d5580000, 0x00000000e7000000, 0x0000000100000000)
  eden space 179712K, 0% used [0x00000000d5580000,0x00000000d5580000,0x00000000e0500000)
  from space 15360K, 99% used [0x00000000e0500000,0x00000000e13fac50,0x00000000e1400000)
  to   space 20480K, 0% used [0x00000000e5c00000,0x00000000e5c00000,0x00000000e7000000)
 ParOldGen       total 68096K, used 29295K [0x0000000080000000, 0x0000000084280000, 0x00000000d5580000)
  object space 68096K, 43% used [0x0000000080000000,0x0000000081c9bf60,0x0000000084280000)
 Metaspace       used 57046K, capacity 59052K, committed 59160K, reserved 1099776K
  class space    used 7819K, capacity 8285K, committed 8368K, reserved 1048576K
Event: 7.890 GC heap after
Heap after GC invocations=14 (full 3):
 PSYoungGen      total 195072K, used 0K [0x00000000d5580000, 0x00000000e7000000, 0x0000000100000000)
  eden space 179712K, 0% used [0x00000000d5580000,0x00000000d5580000,0x00000000e0500000)
  from space 15360K, 0% used [0x00000000e0500000,0x00000000e0500000,0x00000000e1400000)
  to   space 20480K, 0% used [0x00000000e5c00000,0x00000000e5c00000,0x00000000e7000000)
 ParOldGen       total 101888K, used 36088K [0x0000000080000000, 0x0000000086380000, 0x00000000d5580000)
  object space 101888K, 35% used [0x0000000080000000,0x000000008233e0c8,0x0000000086380000)
 Metaspace       used 57036K, capacity 59016K, committed 59160K, reserved 1099776K
  class space    used 7816K, capacity 8279K, committed 8368K, reserved 1048576K
}
Event: 10.712 GC heap before
{Heap before GC invocations=15 (full 3):
 PSYoungGen      total 195072K, used 179712K [0x00000000d5580000, 0x00000000e7000000, 0x0000000100000000)
  eden space 179712K, 100% used [0x00000000d5580000,0x00000000e0500000,0x00000000e0500000)
  from space 15360K, 0% used [0x00000000e0500000,0x00000000e0500000,0x00000000e1400000)
  to   space 20480K, 0% used [0x00000000e5c00000,0x00000000e5c00000,0x00000000e7000000)
 ParOldGen       total 101888K, used 36088K [0x0000000080000000, 0x0000000086380000, 0x00000000d5580000)
  object space 101888K, 35% used [0x0000000080000000,0x000000008233e0c8,0x0000000086380000)
 Metaspace       used 62618K, capacity 65370K, committed 65448K, reserved 1105920K
  class space    used 8583K, capacity 9136K, committed 9136K, reserved 1048576K
Event: 10.737 GC heap after
Heap after GC invocations=15 (full 3):
 PSYoungGen      total 251392K, used 19942K [0x00000000d5580000, 0x00000000e6f80000, 0x0000000100000000)
  eden space 231424K, 0% used [0x00000000d5580000,0x00000000d5580000,0x00000000e3780000)
  from space 19968K, 99% used [0x00000000e5c00000,0x00000000e6f79bc8,0x00000000e6f80000)
  to   space 23552K, 0% used [0x00000000e4180000,0x00000000e4180000,0x00000000e5880000)
 ParOldGen       total 101888K, used 36096K [0x0000000080000000, 0x0000000086380000, 0x00000000d5580000)
  object space 101888K, 35% used [0x0000000080000000,0x00000000823400c8,0x0000000086380000)
 Metaspace       used 62618K, capacity 65370K, committed 65448K, reserved 1105920K
  class space    used 8583K, capacity 9136K, committed 9136K, reserved 1048576K
}
Event: 1000.743 GC heap before
{Heap before GC invocations=16 (full 3):
 PSYoungGen      total 251392K, used 251366K [0x00000000d5580000, 0x00000000e6f80000, 0x0000000100000000)
  eden space 231424K, 100% used [0x00000000d5580000,0x00000000e3780000,0x00000000e3780000)
  from space 19968K, 99% used [0x00000000e5c00000,0x00000000e6f79bc8,0x00000000e6f80000)
  to   space 23552K, 0% used [0x00000000e4180000,0x00000000e4180000,0x00000000e5880000)
 ParOldGen       total 101888K, used 36096K [0x0000000080000000, 0x0000000086380000, 0x00000000d5580000)
  object space 101888K, 35% used [0x0000000080000000,0x00000000823400c8,0x0000000086380000)
 Metaspace       used 73068K, capacity 76200K, committed 76328K, reserved 1116160K
  class space    used 9570K, capacity 10173K, committed 10288K, reserved 1048576K
Event: 1000.771 GC heap after
Heap after GC invocations=16 (full 3):
 PSYoungGen      total 254976K, used 23530K [0x00000000d5580000, 0x00000000e6f80000, 0x0000000100000000)
  eden space 231424K, 0% used [0x00000000d5580000,0x00000000d5580000,0x00000000e3780000)
  from space 23552K, 99% used [0x00000000e4180000,0x00000000e587aa20,0x00000000e5880000)
  to   space 19968K, 0% used [0x00000000e5c00000,0x00000000e5c00000,0x00000000e6f80000)
 ParOldGen       total 101888K, used 36365K [0x0000000080000000, 0x0000000086380000, 0x00000000d5580000)
  object space 101888K, 35% used [0x0000000080000000,0x0000000082383628,0x0000000086380000)
 Metaspace       used 73068K, capacity 76200K, committed 76328K, reserved 1116160K
  class space    used 9570K, capacity 10173K, committed 10288K, reserved 1048576K
}

