# JRE version: OpenJDK Runtime Environment (8.0_242-b01) (build 1.8.0_242-release-1644-b01)
# Java VM: OpenJDK 64-Bit Server VM (25.242-b01 mixed mode windows-amd64 compressed oops)
Heap:
 PSYoungGen      total 465920K, used 39917K [0x00000000d5580000, 0x00000000f3980000, 0x0000000100000000)
  eden space 438272K, 9% used [0x00000000d5580000,0x00000000d7c7b438,0x00000000f0180000)
  from space 27648K, 0% used [0x00000000f0380000,0x00000000f0380000,0x00000000f1e80000)
  to   space 13824K, 0% used [0x00000000f2c00000,0x00000000f2c00000,0x00000000f3980000)
 ParOldGen       total 141312K, used 51712K [0x0000000080000000, 0x0000000088a00000, 0x00000000d5580000)
  object space 141312K, 36% used [0x0000000080000000,0x0000000083280388,0x0000000088a00000)
 Metaspace       used 94889K, capacity 98844K, committed 99624K, reserved 1136640K
  class space    used 12492K, capacity 13305K, committed 13480K, reserved 1048576K
GC Heap History (10 events):
Event: 14.105 GC heap before
{Heap before GC invocations=13 (full 3):
 PSYoungGen      total 374272K, used 18044K [0x00000000d5580000, 0x00000000edd00000, 0x0000000100000000)
  eden space 352768K, 0% used [0x00000000d5580000,0x00000000d5580000,0x00000000eae00000)
  from space 21504K, 83% used [0x00000000ec480000,0x00000000ed61f320,0x00000000ed980000)
  to   space 23040K, 0% used [0x00000000eae00000,0x00000000eae00000,0x00000000ec480000)
 ParOldGen       total 66560K, used 28596K [0x0000000080000000, 0x0000000084100000, 0x00000000d5580000)
  object space 66560K, 42% used [0x0000000080000000,0x0000000081bed0f0,0x0000000084100000)
 Metaspace       used 56990K, capacity 59106K, committed 59160K, reserved 1099776K
  class space    used 7772K, capacity 8221K, committed 8232K, reserved 1048576K
Event: 14.318 GC heap after
Heap after GC invocations=13 (full 3):
 PSYoungGen      total 374272K, used 0K [0x00000000d5580000, 0x00000000edd00000, 0x0000000100000000)
  eden space 352768K, 0% used [0x00000000d5580000,0x00000000d5580000,0x00000000eae00000)
  from space 21504K, 0% used [0x00000000ec480000,0x00000000ec480000,0x00000000ed980000)
  to   space 23040K, 0% used [0x00000000eae00000,0x00000000eae00000,0x00000000ec480000)
 ParOldGen       total 97792K, used 32039K [0x0000000080000000, 0x0000000085f80000, 0x00000000d5580000)
  object space 97792K, 32% used [0x0000000080000000,0x0000000081f49ed0,0x0000000085f80000)
 Metaspace       used 56983K, capacity 59082K, committed 59160K, reserved 1099776K
  class space    used 7770K, capacity 8217K, committed 8232K, reserved 1048576K
}
Event: 2696.061 GC heap before
{Heap before GC invocations=14 (full 3):
 PSYoungGen      total 374272K, used 352768K [0x00000000d5580000, 0x00000000edd00000, 0x0000000100000000)
  eden space 352768K, 100% used [0x00000000d5580000,0x00000000eae00000,0x00000000eae00000)
  from space 21504K, 0% used [0x00000000ec480000,0x00000000ec480000,0x00000000ed980000)
  to   space 23040K, 0% used [0x00000000eae00000,0x00000000eae00000,0x00000000ec480000)
 ParOldGen       total 97792K, used 32039K [0x0000000080000000, 0x0000000085f80000, 0x00000000d5580000)
  object space 97792K, 32% used [0x0000000080000000,0x0000000081f49ed0,0x0000000085f80000)
 Metaspace       used 75884K, capacity 79130K, committed 79256K, reserved 1118208K
  class space    used 10149K, capacity 10813K, committed 10920K, reserved 1048576K
Event: 2696.140 GC heap after
Heap after GC invocations=14 (full 3):
 PSYoungGen      total 375808K, used 23030K [0x00000000d5580000, 0x00000000f4800000, 0x0000000100000000)
  eden space 352768K, 0% used [0x00000000d5580000,0x00000000d5580000,0x00000000eae00000)
  from space 23040K, 99% used [0x00000000eae00000,0x00000000ec47d980,0x00000000ec480000)
  to   space 28672K, 0% used [0x00000000f2c00000,0x00000000f2c00000,0x00000000f4800000)
 ParOldGen       total 97792K, used 38293K [0x0000000080000000, 0x0000000085f80000, 0x00000000d5580000)
  object space 97792K, 39% used [0x0000000080000000,0x0000000082565410,0x0000000085f80000)
 Metaspace       used 75884K, capacity 79130K, committed 79256K, reserved 1118208K
  class space    used 10149K, capacity 10813K, committed 10920K, reserved 1048576K
}
Event: 3550.312 GC heap before
{Heap before GC invocations=15 (full 3):
 PSYoungGen      total 375808K, used 375798K [0x00000000d5580000, 0x00000000f4800000, 0x0000000100000000)
  eden space 352768K, 100% used [0x00000000d5580000,0x00000000eae00000,0x00000000eae00000)
  from space 23040K, 99% used [0x00000000eae00000,0x00000000ec47d980,0x00000000ec480000)
  to   space 28672K, 0% used [0x00000000f2c00000,0x00000000f2c00000,0x00000000f4800000)
 ParOldGen       total 97792K, used 38293K [0x0000000080000000, 0x0000000085f80000, 0x00000000d5580000)
  object space 97792K, 39% used [0x0000000080000000,0x0000000082565410,0x0000000085f80000)
 Metaspace       used 84173K, capacity 88058K, committed 88216K, reserved 1126400K
  class space    used 11059K, capacity 11851K, committed 11944K, reserved 1048576K
Event: 3550.351 GC heap after
Heap after GC invocations=15 (full 3):
 PSYoungGen      total 452096K, used 13430K [0x00000000d5580000, 0x00000000f3980000, 0x0000000100000000)
  eden space 438272K, 0% used [0x00000000d5580000,0x00000000d5580000,0x00000000f0180000)
  from space 13824K, 97% used [0x00000000f2c00000,0x00000000f391daa0,0x00000000f3980000)
  to   space 27648K, 0% used [0x00000000f0380000,0x00000000f0380000,0x00000000f1e80000)
 ParOldGen       total 97792K, used 54292K [0x0000000080000000, 0x0000000085f80000, 0x00000000d5580000)
  object space 97792K, 55% used [0x0000000080000000,0x00000000835050e8,0x0000000085f80000)
 Metaspace       used 84173K, capacity 88058K, committed 88216K, reserved 1126400K
  class space    used 11059K, capacity 11851K, committed 11944K, reserved 1048576K
}
Event: 3553.668 GC heap before
{Heap before GC invocations=16 (full 3):
 PSYoungGen      total 452096K, used 164447K [0x00000000d5580000, 0x00000000f3980000, 0x0000000100000000)
  eden space 438272K, 34% used [0x00000000d5580000,0x00000000de8fa3d0,0x00000000f0180000)
  from space 13824K, 97% used [0x00000000f2c00000,0x00000000f391daa0,0x00000000f3980000)
  to   space 27648K, 0% used [0x00000000f0380000,0x00000000f0380000,0x00000000f1e80000)
 ParOldGen       total 97792K, used 54292K [0x0000000080000000, 0x0000000085f80000, 0x00000000d5580000)
  object space 97792K, 55% used [0x0000000080000000,0x00000000835050e8,0x0000000085f80000)
 Metaspace       used 94078K, capacity 98470K, committed 98600K, reserved 1134592K
  class space    used 12331K, capacity 13193K, committed 13224K, reserved 1048576K
Event: 3553.703 GC heap after
Heap after GC invocations=16 (full 3):
 PSYoungGen      total 465920K, used 23402K [0x00000000d5580000, 0x00000000f3980000, 0x0000000100000000)
  eden space 438272K, 0% used [0x00000000d5580000,0x00000000d5580000,0x00000000f0180000)
  from space 27648K, 84% used [0x00000000f0380000,0x00000000f1a5ab20,0x00000000f1e80000)
  to   space 13824K, 0% used [0x00000000f2c00000,0x00000000f2c00000,0x00000000f3980000)
 ParOldGen       total 97792K, used 54300K [0x0000000080000000, 0x0000000085f80000, 0x00000000d5580000)
  object space 97792K, 55% used [0x0000000080000000,0x00000000835070e8,0x0000000085f80000)
 Metaspace       used 94078K, capacity 98470K, committed 98600K, reserved 1134592K
  class space    used 12331K, capacity 13193K, committed 13224K, reserved 1048576K
}
Event: 3553.704 GC heap before
{Heap before GC invocations=17 (full 4):
 PSYoungGen      total 465920K, used 23402K [0x00000000d5580000, 0x00000000f3980000, 0x0000000100000000)
  eden space 438272K, 0% used [0x00000000d5580000,0x00000000d5580000,0x00000000f0180000)
  from space 27648K, 84% used [0x00000000f0380000,0x00000000f1a5ab20,0x00000000f1e80000)
  to   space 13824K, 0% used [0x00000000f2c00000,0x00000000f2c00000,0x00000000f3980000)
 ParOldGen       total 97792K, used 54300K [0x0000000080000000, 0x0000000085f80000, 0x00000000d5580000)
  object space 97792K, 55% used [0x0000000080000000,0x00000000835070e8,0x0000000085f80000)
 Metaspace       used 94078K, capacity 98470K, committed 98600K, reserved 1134592K
  class space    used 12331K, capacity 13193K, committed 13224K, reserved 1048576K
Event: 3553.961 GC heap after
Heap after GC invocations=17 (full 4):
 PSYoungGen      total 465920K, used 0K [0x00000000d5580000, 0x00000000f3980000, 0x0000000100000000)
  eden space 438272K, 0% used [0x00000000d5580000,0x00000000d5580000,0x00000000f0180000)
  from space 27648K, 0% used [0x00000000f0380000,0x00000000f0380000,0x00000000f1e80000)
  to   space 13824K, 0% used [0x00000000f2c00000,0x00000000f2c00000,0x00000000f3980000)
 ParOldGen       total 141312K, used 51712K [0x0000000080000000, 0x0000000088a00000, 0x00000000d5580000)
  object space 141312K, 36% used [0x0000000080000000,0x0000000083280388,0x0000000088a00000)
 Metaspace       used 91206K, capacity 94806K, committed 98600K, reserved 1134592K
  class space    used 11898K, capacity 12604K, committed 13224K, reserved 1048576K
}

